<?xml version="1.0" encoding="UTF-8"?>
<testng-results ignored="0" total="2" passed="2" failed="0" skipped="0">
  <reporter-output>
    <line>
      <![CDATA[hiii]]>
    </line>
    <line>
      <![CDATA[welcome,true]]>
    </line>
  </reporter-output>
  <suite started-at="2023-01-10T12:41:51 IST" name="Suite" finished-at="2023-01-10T12:41:51 IST" duration-ms="151">
    <groups>
    </groups>
    <test started-at="2023-01-10T12:41:51 IST" name="Test" finished-at="2023-01-10T12:41:51 IST" duration-ms="151">
      <class name="Demo.Test2">
        <test-method signature="tc2()[pri:0, instance:Demo.Test2@5acf93bb]" started-at="2023-01-10T12:41:51 IST" name="tc2" finished-at="2023-01-10T12:41:51 IST" duration-ms="2" status="PASS">
          <reporter-output>
            <line>
              <![CDATA[welcome,true]]>
            </line>
          </reporter-output>
        </test-method> <!-- tc2 -->
      </class> <!-- Demo.Test2 -->
      <class name="Demo.Test1">
        <test-method signature="tc1()[pri:0, instance:Demo.Test1@71def8f8]" started-at="2023-01-10T12:41:51 IST" name="tc1" finished-at="2023-01-10T12:41:51 IST" duration-ms="19" status="PASS">
          <reporter-output>
            <line>
              <![CDATA[hiii]]>
            </line>
          </reporter-output>
        </test-method> <!-- tc1 -->
      </class> <!-- Demo.Test1 -->
    </test> <!-- Test -->
  </suite> <!-- Suite -->
</testng-results>
