<?xml version="1.0" encoding="UTF-8"?>
<testng-results ignored="0" total="3" passed="3" failed="0" skipped="0">
  <reporter-output>
    <line>
      <![CDATA[hiii]]>
    </line>
    <line>
      <![CDATA[welcome]]>
    </line>
    <line>
      <![CDATA[hiiiii]]>
    </line>
  </reporter-output>
  <suite started-at="2023-01-10T15:41:54 IST" name="Suite" finished-at="2023-01-10T15:41:54 IST" duration-ms="122">
    <groups>
    </groups>
    <test started-at="2023-01-10T15:41:54 IST" name="Test" finished-at="2023-01-10T15:41:54 IST" duration-ms="122">
      <class name="Demo.Test3">
        <test-method signature="Tc3()[pri:0, instance:Demo.Test3@614ca7df]" started-at="2023-01-10T15:41:54 IST" name="Tc3" finished-at="2023-01-10T15:41:54 IST" duration-ms="3" status="PASS">
          <reporter-output>
            <line>
              <![CDATA[hiiiii]]>
            </line>
          </reporter-output>
        </test-method> <!-- Tc3 -->
      </class> <!-- Demo.Test3 -->
      <class name="Demo.Test2">
        <test-method signature="tc2()[pri:0, instance:Demo.Test2@6cd28fa7]" started-at="2023-01-10T15:41:54 IST" name="tc2" finished-at="2023-01-10T15:41:54 IST" duration-ms="2" status="PASS">
          <reporter-output>
            <line>
              <![CDATA[welcome]]>
            </line>
          </reporter-output>
        </test-method> <!-- tc2 -->
      </class> <!-- Demo.Test2 -->
      <class name="Demo.Test1">
        <test-method signature="tc1()[pri:0, instance:Demo.Test1@4d465b11]" started-at="2023-01-10T15:41:54 IST" name="tc1" finished-at="2023-01-10T15:41:54 IST" duration-ms="12" status="PASS">
          <reporter-output>
            <line>
              <![CDATA[hiii]]>
            </line>
          </reporter-output>
        </test-method> <!-- tc1 -->
      </class> <!-- Demo.Test1 -->
    </test> <!-- Test -->
  </suite> <!-- Suite -->
</testng-results>
